<?xml version="1.0" encoding="UTF-8"?>
<!-- Generated by org.testng.reporters.JUnitXMLReporter -->
<testsuite ignored="19" hostname="SD-IND-L003" failures="0" tests="1" name="Default test" time="17.449" errors="0" timestamp="2022-06-13T23:06:07 IST">
  <testcase classname="SilverDoor.Orbirelo.testcases.ReservationsPageTest" name="getRebookApartmentPage" time="12.437"/>
  <testcase classname="SilverDoor.Orbirelo.testcases.ReservationsPageTest" name="getDetailsWithReservationNumber_sideMenu" time="0.0">
    <ignored/>
  </testcase> <!-- getDetailsWithReservationNumber_sideMenu -->
  <testcase classname="SilverDoor.Orbirelo.testcases.ReservationsPageTest" name="validateReservationsPageTitle_dashboard" time="0.0">
    <ignored/>
  </testcase> <!-- validateReservationsPageTitle_dashboard -->
  <testcase classname="SilverDoor.Orbirelo.testcases.ReservationsPageTest" name="getDetailsWithCheckInDate_sideMenu" time="0.0">
    <ignored/>
  </testcase> <!-- getDetailsWithCheckInDate_sideMenu -->
  <testcase classname="SilverDoor.Orbirelo.testcases.ReservationsPageTest" name="validateReservationsPageTitle_sideMenu" time="0.0">
    <ignored/>
  </testcase> <!-- validateReservationsPageTitle_sideMenu -->
  <testcase classname="SilverDoor.Orbirelo.testcases.ReservationsPageTest" name="getDetailsWithLocation_dashboard" time="0.0">
    <ignored/>
  </testcase> <!-- getDetailsWithLocation_dashboard -->
  <testcase classname="SilverDoor.Orbirelo.testcases.ReservationsPageTest" name="getDetailsWithReservationNumber_dashboard" time="0.0">
    <ignored/>
  </testcase> <!-- getDetailsWithReservationNumber_dashboard -->
  <testcase classname="SilverDoor.Orbirelo.testcases.ReservationsPageTest" name="getDetailsWithCheckInDate_dashboard" time="0.0">
    <ignored/>
  </testcase> <!-- getDetailsWithCheckInDate_dashboard -->
  <testcase classname="SilverDoor.Orbirelo.testcases.ReservationsPageTest" name="viewReservationData" time="0.0">
    <ignored/>
  </testcase> <!-- viewReservationData -->
  <testcase classname="SilverDoor.Orbirelo.testcases.ReservationsPageTest" name="getDetailsWithReservationMadeByName_dashboard" time="0.0">
    <ignored/>
  </testcase> <!-- getDetailsWithReservationMadeByName_dashboard -->
  <testcase classname="SilverDoor.Orbirelo.testcases.ReservationsPageTest" name="downloadConfirmation" time="0.0">
    <ignored/>
  </testcase> <!-- downloadConfirmation -->
  <testcase classname="SilverDoor.Orbirelo.testcases.ReservationsPageTest" name="getDetailsWithDates_sideMenu" time="0.0">
    <ignored/>
  </testcase> <!-- getDetailsWithDates_sideMenu -->
  <testcase classname="SilverDoor.Orbirelo.testcases.ReservationsPageTest" name="getDetailsWithCheckOutDate_dashboard" time="0.0">
    <ignored/>
  </testcase> <!-- getDetailsWithCheckOutDate_dashboard -->
  <testcase classname="SilverDoor.Orbirelo.testcases.ReservationsPageTest" name="getDetailsWithLeadGuestName_dashboard" time="0.0">
    <ignored/>
  </testcase> <!-- getDetailsWithLeadGuestName_dashboard -->
  <testcase classname="SilverDoor.Orbirelo.testcases.ReservationsPageTest" name="getServiceRequestPage" time="0.0">
    <ignored/>
  </testcase> <!-- getServiceRequestPage -->
  <testcase classname="SilverDoor.Orbirelo.testcases.ReservationsPageTest" name="getDetailsWithLocation_sideMenu" time="0.0">
    <ignored/>
  </testcase> <!-- getDetailsWithLocation_sideMenu -->
  <testcase classname="SilverDoor.Orbirelo.testcases.ReservationsPageTest" name="getDetailsWithReservationMadeByName_sideMenu" time="0.0">
    <ignored/>
  </testcase> <!-- getDetailsWithReservationMadeByName_sideMenu -->
  <testcase classname="SilverDoor.Orbirelo.testcases.ReservationsPageTest" name="getDetailsWithDates_dashboard" time="0.0">
    <ignored/>
  </testcase> <!-- getDetailsWithDates_dashboard -->
  <testcase classname="SilverDoor.Orbirelo.testcases.ReservationsPageTest" name="getDetailsWithLeadGuestName_sideMenu" time="0.0">
    <ignored/>
  </testcase> <!-- getDetailsWithLeadGuestName_sideMenu -->
  <testcase classname="SilverDoor.Orbirelo.testcases.ReservationsPageTest" name="getDetailsWithCheckOutDate_sideMenu" time="0.0">
    <ignored/>
  </testcase> <!-- getDetailsWithCheckOutDate_sideMenu -->
</testsuite> <!-- Default test -->
