<?xml version="1.0" encoding="UTF-8"?>
<!-- Generated by org.testng.reporters.JUnitXMLReporter -->
<testsuite ignored="0" hostname="SD-IND-L003" failures="0" tests="30" name="Test" time="482.068" errors="0" timestamp="2022-05-30T21:00:21 IST">
  <testcase classname="SilverDoor.Orbirelo.testcases.ReservationsPageTest" name="validateReservationsPageTitle_sideMenu" time="8.275"/>
  <testcase classname="SilverDoor.Orbirelo.testcases.ReservationsPageTest" name="getDetailsWithReservationNumber_sideMenu" time="7.652"/>
  <testcase classname="SilverDoor.Orbirelo.testcases.ReservationsPageTest" name="getDetailsWithLeadGuestName_sideMenu" time="18.192"/>
  <testcase classname="SilverDoor.Orbirelo.testcases.ReservationsPageTest" name="getDetailsWithDates_sideMenu" time="28.209"/>
  <testcase classname="SilverDoor.Orbirelo.testcases.ReservationsPageTest" name="getDetailsWithCheckInDate_sideMenu" time="9.207"/>
  <testcase classname="SilverDoor.Orbirelo.testcases.ReservationsPageTest" name="getDetailsWithCheckOutDate_sideMenu" time="17.047"/>
  <testcase classname="SilverDoor.Orbirelo.testcases.ReservationsPageTest" name="getDetailsWithLocation_sideMenu" time="7.114"/>
  <testcase classname="SilverDoor.Orbirelo.testcases.ReservationsPageTest" name="getDetailsWithReservationMadeByName_sideMenu" time="27.65"/>
  <testcase classname="SilverDoor.Orbirelo.testcases.ReservationsPageTest" name="validateReservationsPageTitle_dashboard" time="5.245"/>
  <testcase classname="SilverDoor.Orbirelo.testcases.ReservationsPageTest" name="getDetailsWithReservationNumber_dashboard" time="6.429"/>
  <testcase classname="SilverDoor.Orbirelo.testcases.ReservationsPageTest" name="getDetailsWithLeadGuestName_dashboard" time="18.01"/>
  <testcase classname="SilverDoor.Orbirelo.testcases.ReservationsPageTest" name="getDetailsWithDates_dashboard" time="27.712"/>
  <testcase classname="SilverDoor.Orbirelo.testcases.ReservationsPageTest" name="getDetailsWithCheckInDate_dashboard" time="8.782"/>
  <testcase classname="SilverDoor.Orbirelo.testcases.ReservationsPageTest" name="getDetailsWithCheckOutDate_dashboard" time="16.974"/>
  <testcase classname="SilverDoor.Orbirelo.testcases.ReservationsPageTest" name="getDetailsWithLocation_dashboard" time="6.889"/>
  <testcase classname="SilverDoor.Orbirelo.testcases.ReservationsPageTest" name="getDetailsWithReservationMadeByName_dashboard" time="25.48"/>
  <testcase classname="SilverDoor.Orbirelo.testcases.ReservationsPageTest" name="downloadConfirmation" time="7.991"/>
  <testcase classname="SilverDoor.Orbirelo.testcases.ReservationsPageTest" name="downloadConfirmation" time="7.868"/>
  <testcase classname="SilverDoor.Orbirelo.testcases.ReservationsPageTest" name="downloadConfirmation" time="7.838"/>
  <testcase classname="SilverDoor.Orbirelo.testcases.ReservationsPageTest" name="downloadConfirmation" time="8.228"/>
  <testcase classname="SilverDoor.Orbirelo.testcases.ReservationsPageTest" name="downloadConfirmation" time="8.29"/>
  <testcase classname="SilverDoor.Orbirelo.testcases.ReservationsPageTest" name="downloadConfirmation" time="8.034"/>
  <testcase classname="SilverDoor.Orbirelo.testcases.ReservationsPageTest" name="downloadConfirmation" time="8.018"/>
  <testcase classname="SilverDoor.Orbirelo.testcases.ReservationsPageTest" name="viewReservationData" time="9.705"/>
  <testcase classname="SilverDoor.Orbirelo.testcases.ReservationsPageTest" name="viewReservationData" time="8.826"/>
  <testcase classname="SilverDoor.Orbirelo.testcases.ReservationsPageTest" name="viewReservationData" time="9.897"/>
  <testcase classname="SilverDoor.Orbirelo.testcases.ReservationsPageTest" name="viewReservationData" time="9.736"/>
  <testcase classname="SilverDoor.Orbirelo.testcases.ReservationsPageTest" name="viewReservationData" time="9.95"/>
  <testcase classname="SilverDoor.Orbirelo.testcases.ReservationsPageTest" name="viewReservationData" time="10.697"/>
  <testcase classname="SilverDoor.Orbirelo.testcases.ReservationsPageTest" name="viewReservationData" time="10.211"/>
</testsuite> <!-- Test -->
