<?xml version="1.0" encoding="UTF-8"?>
<testng-results ignored="19" total="20" passed="1" failed="0" skipped="0">
  <reporter-output>
  </reporter-output>
  <suite started-at="2022-06-13T23:05:50 IST" name="Default suite" finished-at="2022-06-13T23:06:07 IST" duration-ms="17449">
    <groups>
    </groups>
    <test started-at="2022-06-13T23:05:50 IST" name="Default test" finished-at="2022-06-13T23:06:07 IST" duration-ms="17449">
      <class name="SilverDoor.Orbirelo.testcases.ReservationsPageTest">
        <test-method is-config="true" signature="setUp()[pri:0, instance:SilverDoor.Orbirelo.testcases.ReservationsPageTest@5d534f5d]" started-at="2022-06-13T23:05:50 IST" name="setUp" finished-at="2022-06-13T23:05:54 IST" duration-ms="4722" status="PASS">
          <reporter-output>
          </reporter-output>
        </test-method> <!-- setUp -->
        <test-method signature="getRebookApartmentPage()[pri:16, instance:SilverDoor.Orbirelo.testcases.ReservationsPageTest@5d534f5d]" started-at="2022-06-13T23:05:54 IST" name="getRebookApartmentPage" finished-at="2022-06-13T23:06:07 IST" duration-ms="12437" status="PASS">
          <reporter-output>
          </reporter-output>
        </test-method> <!-- getRebookApartmentPage -->
        <test-method is-config="true" signature="tearDown()[pri:0, instance:SilverDoor.Orbirelo.testcases.ReservationsPageTest@5d534f5d]" started-at="2022-06-13T23:06:07 IST" name="tearDown" finished-at="2022-06-13T23:06:07 IST" duration-ms="220" status="PASS">
          <reporter-output>
          </reporter-output>
        </test-method> <!-- tearDown -->
      </class> <!-- SilverDoor.Orbirelo.testcases.ReservationsPageTest -->
    </test> <!-- Default test -->
  </suite> <!-- Default suite -->
</testng-results>
